<?xml version="1.0" encoding="UTF-8"?>
<testsuite xmlns:xsi="http://www.w3.org/2001/XMLSchema-instance" xsi:noNamespaceSchemaLocation="https://maven.apache.org/surefire/maven-surefire-plugin/xsd/surefire-test-report-3.0.xsd" version="3.0" name="org.e2e.labe2e02.ride.application.RideControllerIntegrationTest" time="0.047" tests="2" errors="0" skipped="0" failures="0">
  <properties>
[...]
</properties>
  <testcase name="passengerBookRideAndReturnOk" classname="org.e2e.labe2e02.ride.application.RideControllerIntegrationTest" time="0.022">
    <system-out><![CDATA[&amp#27;[2m2024-05-07T14:16:29.427-05:00&amp#27;[0;39m &amp#27;[32m INFO&amp#27;[0;39m &amp#27;[35m97570&amp#27;[0;39m &amp#27;[2m---&amp#27;[0;39m &amp#27;[2m[           main]&amp#27;[0;39m &amp#27;[2m&amp#27;[0;39m&amp#27;[36mt.c.s.AnnotationConfigContextLoaderUtils&amp#27;[0;39m &amp#27;[2m:&amp#27;[0;39m Could not detect default configuration classes for test class [org.e2e.labe2e02.ride.application.RideControllerIntegrationTest]: RideControllerIntegrationTest does not declare any static, non-private, non-final, nested classes annotated with @Configuration.
&amp#27;[2m2024-05-07T14:16:29.431-05:00&amp#27;[0;39m &amp#27;[32m INFO&amp#27;[0;39m &amp#27;[35m97570&amp#27;[0;39m &amp#27;[2m---&amp#27;[0;39m &amp#27;[2m[           main]&amp#27;[0;39m &amp#27;[2m&amp#27;[0;39m&amp#27;[36m.b.t.c.SpringBootTestContextBootstrapper&amp#27;[0;39m &amp#27;[2m:&amp#27;[0;39m Found @SpringBootConfiguration org.e2e.labe2e02.LabE2e02Application for test class org.e2e.labe2e02.ride.application.RideControllerIntegrationTest
Hibernate: insert into vehicle (brand,capacity,fabrication_year,license_plate,model,id) values (?,?,?,?,?,default)
Hibernate: insert into coordinate (description,latitude,longitude,id) values (?,?,?,default)
Hibernate: insert into users (avg_rating,created_at,email,first_name,last_name,password,phone_number,role,trips,updated_at,id) values (?,?,?,?,?,?,?,?,?,?,?)
Hibernate: insert into driver (category,coordinate_id,vehicle_id,id) values (?,?,?,?)
Hibernate: insert into users (avg_rating,created_at,email,first_name,last_name,password,phone_number,role,trips,updated_at,id) values (?,?,?,?,?,?,?,?,?,?,?)
Hibernate: insert into passenger (id) values (?)
Hibernate: insert into coordinate (description,latitude,longitude,id) values (?,?,?,default)
Hibernate: insert into coordinate (description,latitude,longitude,id) values (?,?,?,default)
Hibernate: insert into ride (arrival_date,departure_date,destination_coordinates_id,destination_name,driver_id,origin_coordinates_id,origin_name,passenger_id,price,status,id) values (?,?,?,?,?,?,?,?,?,?,default)
Hibernate: select r1_0.id,r1_0.arrival_date,r1_0.departure_date,r1_0.destination_coordinates_id,r1_0.destination_name,r1_0.driver_id,r1_0.origin_coordinates_id,r1_0.origin_name,r1_0.passenger_id,r1_0.price,r1_0.status from ride r1_0
]]></system-out>
  </testcase>
  <testcase name="getRidesByUserAndReturnPageOfRides" classname="org.e2e.labe2e02.ride.application.RideControllerIntegrationTest" time="0.017">
    <system-out><![CDATA[Hibernate: insert into vehicle (brand,capacity,fabrication_year,license_plate,model,id) values (?,?,?,?,?,default)
Hibernate: insert into users (avg_rating,created_at,email,first_name,last_name,password,phone_number,role,trips,updated_at,id) values (?,?,?,?,?,?,?,?,?,?,?)
Hibernate: insert into passenger (id) values (?)
Hibernate: insert into coordinate (description,latitude,longitude,id) values (?,?,?,default)
Hibernate: insert into users (avg_rating,created_at,email,first_name,last_name,password,phone_number,role,trips,updated_at,id) values (?,?,?,?,?,?,?,?,?,?,?)
Hibernate: insert into driver (category,coordinate_id,vehicle_id,id) values (?,?,?,?)
Hibernate: insert into ride (arrival_date,departure_date,destination_coordinates_id,destination_name,driver_id,origin_coordinates_id,origin_name,passenger_id,price,status,id) values (?,?,?,?,?,?,?,?,?,?,default)
Hibernate: select r1_0.id,r1_0.arrival_date,r1_0.departure_date,r1_0.destination_coordinates_id,r1_0.destination_name,r1_0.driver_id,r1_0.origin_coordinates_id,r1_0.origin_name,r1_0.passenger_id,r1_0.price,r1_0.status from ride r1_0 left join passenger p1_0 on p1_0.id=r1_0.passenger_id where p1_0.id=? and r1_0.status=? offset ? rows fetch first ? rows only
]]></system-out>
  </testcase>
</testsuite>